{
  "stats": {
    "suites": 1,
    "tests": 1,
    "passes": 0,
    "pending": 0,
    "failures": 1,
    "start": "2023-08-17T14:25:47.926Z",
    "end": "2023-08-17T14:25:58.056Z",
    "duration": 10130,
    "testsRegistered": 1,
    "passPercent": 0,
    "pendingPercent": 0,
    "other": 0,
    "hasOther": false,
    "skipped": 0,
    "hasSkipped": false
  },
  "results": [
    {
      "uuid": "d3bda852-ff51-40f3-b9f7-12820475d398",
      "title": "",
      "fullFile": "cypress\\mytests\\merci\\CypressPlacingOrder.spec.js",
      "file": "cypress\\mytests\\merci\\CypressPlacingOrder.spec.js",
      "beforeHooks": [],
      "afterHooks": [],
      "tests": [],
      "suites": [
        {
          "uuid": "35423fd6-2adc-4cfb-9834-c5bc4f4ae33a",
          "title": "Test Suite of Placing Order",
          "fullFile": "",
          "file": "",
          "beforeHooks": [],
          "afterHooks": [],
          "tests": [
            {
              "title": "Test cases of Placing Order",
              "fullTitle": "Test Suite of Placing Order Test cases of Placing Order",
              "timedOut": null,
              "duration": 7142,
              "state": "failed",
              "speed": null,
              "pass": false,
              "fail": true,
              "pending": false,
              "context": "[\n  {\n    \"title\": \"cypress-mochawesome-reporter-videos\",\n    \"value\": \"cypress\\\\mytests\\\\merci\\\\CypressPlacingOrder.spec.js\"\n  },\n  {\n    \"title\": \"cypress-mochawesome-reporter-screenshots\",\n    \"value\": [\n      [\n        {\n          \"title\": \"Failed screenshot\",\n          \"value\": \"\\\\CypressPlacingOrder.spec.js\\\\Test Suite of Placing Order -- Test cases of Placing Order (failed).png\"\n        }\n      ]\n    ]\n  }\n]",
              "code": "cy.visit(\"https://automationexercise.com\");\nlet orderplace = new _PlacingOrder.default();\nlet hp = new _HomePage.default();\nhp.SleevelessDress();\nhp.PinkRoseMadame();\norderplace.ViewCart();\norderplace.ProceedToCheckout();\norderplace.PlaceOrder();\norderplace.NameOnCard();\norderplace.CardNumber();\norderplace.CVC();\norderplace.ExpiryMonth();\norderplace.ExpiryYear();\norderplace.PayButton();\norderplace.Continue();",
              "err": {
                "message": "CypressError: `cy.click()` can only be called on a single element. Your subject contained 6 elements. Pass `{ multiple: true }` if you want to serially click each element.\n\nhttps://on.cypress.io/click",
                "estack": "CypressError: `cy.click()` can only be called on a single element. Your subject contained 6 elements. Pass `{ multiple: true }` if you want to serially click each element.\n\nhttps://on.cypress.io/click\n    at mouseAction (https://automationexercise.com/__cypress/runner/cypress_runner.js:141803:76)\n    at Context.click (https://automationexercise.com/__cypress/runner/cypress_runner.js:141967:14)\n    at wrapped (https://automationexercise.com/__cypress/runner/cypress_runner.js:160844:19)\nFrom Your Spec Code:\n    at HomePage.SleevelessDress (webpack:///./cypress/PageObjects/HomePage.js:36:34)\n    at Context.eval (webpack:///./cypress/mytests/merci/CypressPlacingOrder.spec.js:18:11)",
                "diff": null
              },
              "uuid": "8ca26cdc-fefd-402b-a291-6aa76f57dda9",
              "parentUUID": "35423fd6-2adc-4cfb-9834-c5bc4f4ae33a",
              "isHook": false,
              "skipped": false
            }
          ],
          "suites": [],
          "passes": [],
          "failures": [
            "8ca26cdc-fefd-402b-a291-6aa76f57dda9"
          ],
          "pending": [],
          "skipped": [],
          "duration": 7142,
          "root": false,
          "rootEmpty": false,
          "_timeout": 2000
        }
      ],
      "passes": [],
      "failures": [],
      "pending": [],
      "skipped": [],
      "duration": 0,
      "root": true,
      "rootEmpty": true,
      "_timeout": 2000
    }
  ],
  "meta": {
    "mocha": {
      "version": "7.0.1"
    },
    "mochawesome": {
      "options": {
        "quiet": false,
        "reportFilename": "mochawesome",
        "saveHtml": false,
        "saveJson": true,
        "consoleReporter": "spec",
        "useInlineDiffs": false,
        "code": true
      },
      "version": "7.1.3"
    },
    "marge": {
      "options": {
        "reportDir": "mochawesome.html\\.jsons",
        "overwrite": false,
        "html": false,
        "json": true,
        "timestamp": "mmddyyyy_HHMMss"
      },
      "version": "6.2.0"
    }
  }
}