{
  "stats": {
    "suites": 1,
    "tests": 2,
    "passes": 2,
    "pending": 0,
    "failures": 0,
    "start": "2023-08-11T06:38:33.913Z",
    "end": "2023-08-11T06:40:38.446Z",
    "duration": 124533,
    "testsRegistered": 2,
    "passPercent": 100,
    "pendingPercent": 0,
    "other": 0,
    "hasOther": false,
    "skipped": 0,
    "hasSkipped": false
  },
  "results": [
    {
      "uuid": "5f7317f8-f30d-4c54-8481-31b485c27172",
      "title": "",
      "fullFile": "cypress\\mytests\\merci\\CypressFramework.spec.js",
      "file": "cypress\\mytests\\merci\\CypressFramework.spec.js",
      "beforeHooks": [],
      "afterHooks": [],
      "tests": [],
      "suites": [
        {
          "uuid": "4d2d14ea-1fe8-48f6-b469-162a737e24c4",
          "title": "Test Suite Cypress framework",
          "fullFile": "",
          "file": "",
          "beforeHooks": [],
          "afterHooks": [],
          "tests": [
            {
              "title": "First Test case of Cypress Framework",
              "fullTitle": "Test Suite Cypress framework First Test case of Cypress Framework",
              "timedOut": null,
              "duration": 105821,
              "state": "passed",
              "speed": "slow",
              "pass": true,
              "fail": false,
              "pending": false,
              "context": "{\n  \"title\": \"cypress-mochawesome-reporter-videos\",\n  \"value\": \"cypress\\\\mytests\\\\merci\\\\CypressFramework.spec.js\"\n}",
              "code": "cy.visit('https://automationexercise.com');\ncy.log(\"Click on the + icon\");\ncy.get(':nth-child(1) > .panel-heading > .panel-title > a > .badge > .fa').click();\ncy.log(\"Click on the Dress icon\");\ncy.contains(\"Dress\").click().should('have.text', 'Dress ');\ncy.log('View Product of particular item');\ncy.contains('View Product').click().should('have.text', 'View Product');\nconst productItem = 'Sleeveless Dress';\ncy.log(`Add ${productItem} to cart`);\ncy.xpath('//button[@type=\"button\"]').click().should('have.class', 'btn btn-default cart');\ncy.log('Continue Shopping');\ncy.xpath('//button[contains(text(),\"Continue Shopping\")]').click().should('have.attr', 'class');\ncy.log('Madame');\ncy.contains('Madame').click().should('have.attr', 'href', '/brand_products/Madame');\ncy.log('Enlarge Product Image');\ncy.get(':nth-child(6) > .product-image-wrapper > .single-products > .productinfo > img').should('have.attr', 'src').and('have.string', '/get_product_picture/38');\ncy.get(':nth-child(6) > .product-image-wrapper > .choose > .nav > li > a').click().should('have.attr', 'href', '/product_details/38');\ncy.log('Expand the quantity');\nconst numClicks = 3; // Number of times to click the up arrow with loop\nfor (let i = 0; i < numClicks; i++) {\n  cy.get('input[name=\"quantity\"]').click().type('{upArrow}');\n}\nconst productName = 'Pink Rose Madame';\ncy.log(`Add ${productName} to cart`);\ncy.xpath('//button[@class=\"btn btn-default cart\"]').click().should('have.attr', 'type');\ncy.log('View Cart');\ncy.contains(\"View Cart\").click().should('have.attr', 'href').and('have.string', '/view_cart');\ncy.log('Proceed To Checkout');\ncy.contains(\"Proceed To Checkout\").click().should('have.css', 'color', 'rgb(255, 255, 255)');\ncy.log('Login');\nconst myLink = cy.get('.modal-body > :nth-child(2) > a > u'); // a href tag code to click on login/Registration page\nmyLink.invoke('attr', 'href').then(href => {\n  cy.visit('https://automationexercise.com/login');\n});\nconst fakeEmail = 'Random Email';\ncy.log(`Generate ${fakeEmail} for Login`);\nconst faker = __webpack_require__(/*! faker */ \"./node_modules/faker/index.js\"); // Random Email Generation\nfunction getRandomEmail() {\n  const randomEmail = faker.internet.email();\n  return randomEmail;\n}\nconst randomEmail = getRandomEmail(); // Usage\ncy.wrap(randomEmail).should('match', /^[A-Za-z0-9._%+-]+@[A-Za-z0-9.-]+\\.[A-Za-z]{2,}$/);\ncy.log('Type Name');\ncy.get('input[name=\"name\"]').type('Smaira').should('have.attr', 'name');\nconst randomail = 'Random mail';\ncy.log(`Type ${randomail} for SignUp`);\ncy.get('input[data-qa=\"signup-email\"]').type(randomEmail);\ncy.log('sign Up');\ncy.get('button[data-qa=\"signup-button\"]').click().should('have.text', 'Signup');\ncy.log('Select 1 option');\ncy.get('input[value=\"Mrs\"]').check().should('be.checked'); // Radio Button\nconst password = 'Password';\ncy.log(`Type ${password} for Registration`);\ncy.xpath('//input[@id=\"password\"]').type('Test@123').should('have.id', 'password');\ncy.log('Select Day');\ncy.get('#days').select('4').should('have.value', '4'); // Drop down list\ncy.log('Select Month');\ncy.get('#months').select('February').should('have.value', '2');\ncy.log('Select Year');\ncy.get('#years').select('2005').should('contain', '2005');\ncy.log('Select Checkbox');\ncy.get('input[id=\"optin\"]').check().should('be.checked'); // Checkbox\ncy.log('First Name');\ncy.xpath('//input[@name=\"first_name\"]').type('Smaira').should('have.value', 'Smaira');\ncy.log('Last Name');\ncy.get('[data-qa=\"last_name\"]').type('Khan').should('have.value', 'Khan');\ncy.log('Address');\ncy.xpath('//input[@id=\"address1\"]').type('Down Town').should('have.value', 'Down Town');\ncy.log('Country');\ncy.get('[data-qa=\"country\"]').select('Singapore').should('have.value', 'Singapore');\ncy.log('State');\ncy.xpath('//input[@data-qa=\"state\"]').type('Asia').should('have.id', 'state');\ncy.log('City');\ncy.get('#city').type('East Region').should('have.id', 'city');\ncy.log('Zipcode');\ncy.get('#zipcode').type('179098').should('have.id', 'zipcode');\ncy.log('Mobile Number');\ncy.xpath('//input[@id=\"mobile_number\"]').type('+17854626').should('have.id', 'mobile_number');\nconst createAccount = 'CreateAccount ';\ncy.log(`Click ${createAccount} for Registration`);\ncy.contains('Create Account').click().should('contain', 'Create Account');\ncy.log('Continue Button');\ncy.get('[data-qa=\"continue-button\"]').click().should('have.attr', 'href').and('have.string', '/');\ncy.log('View Cart');\nconst myLink1 = cy.get('.shop-menu > .nav > :nth-child(3) > a'); // a href tag code to click on login/Registration page\nmyLink1.invoke('attr', 'href').then(href => {\n  expect(href).to.eq('/view_cart');\n  cy.visit('https://automationexercise.com' + href);\n});\ncy.log('Proceed To Checkout');\ncy.contains('Proceed To Checkout').click().should('contain', 'Proceed To Checkout');\ncy.log('Place Order');\ncy.contains('Place Order').click().should('have.text', 'Place Order');\ncy.log('Name on Card');\ncy.xpath('//input[@name=\"name_on_card\"]').type('Smaira').should('have.text', ''); // Payment\ncy.log('Card Number');\ncy.get('input[data-qa=\"card-number\"]').type('5458745').should('have.class', 'form-control card-number');\ncy.log('CVC');\ncy.xpath('//input[@name=\"cvc\"]').type('544').should('have.class', 'form-control card-cvc');\ncy.log('Expiry Month');\ncy.get('input[data-qa=\"expiry-month\"]').type('05').should('have.length', '1');\ncy.log('Expiry Year');\ncy.xpath('//input[@name=\"expiry_year\"]').type('2028').should('have.length', '1');\ncy.log('Pay Button');\ncy.get('[data-qa=\"pay-button\"]').click().should('have.id', 'submit');\ncy.log('Continue');\ncy.contains('Continue').click().should('have.attr', 'href').and('have.string', '/');",
              "err": {},
              "uuid": "7fed22f6-dea4-4bb3-9f2f-089f1927ddd7",
              "parentUUID": "4d2d14ea-1fe8-48f6-b469-162a737e24c4",
              "isHook": false,
              "skipped": false
            },
            {
              "title": "Negative Test case of Cypress Framework",
              "fullTitle": "Test Suite Cypress framework Negative Test case of Cypress Framework",
              "timedOut": null,
              "duration": 13462,
              "state": "passed",
              "speed": "slow",
              "pass": true,
              "fail": false,
              "pending": false,
              "context": "{\n  \"title\": \"cypress-mochawesome-reporter-videos\",\n  \"value\": \"cypress\\\\mytests\\\\merci\\\\CypressFramework.spec.js\"\n}",
              "code": "cy.visit('https://automationexercise.com');\ncy.log('Login');\nconst myLink = cy.get('.modal-body > :nth-child(2) > a > u'); // a href tag code to click on login/Registration page\nmyLink.invoke('attr', 'href').then(href => {\n  cy.visit('https://automationexercise.com/login');\n});\ncy.log('Invalid Email');\ncy.xpath('//input[@data-qa=\"login-email\"]').type('bocave9429@carpetra.com').should('have.text', '');\ncy.log('Invalid Password');\ncy.xpath('//input[@placeholder=\"Password\"]').type('abc@1234').should('have.text', '');\ncy.log('Click login button');\ncy.xpath('//button[@data-qa=\"login-button\"]').click().should('have.class', 'btn btn-default');\ncy.log('Error message of Invalid Email & Password');",
              "err": {},
              "uuid": "2b56dbe2-4bf4-4a8f-9042-d57367dabc6d",
              "parentUUID": "4d2d14ea-1fe8-48f6-b469-162a737e24c4",
              "isHook": false,
              "skipped": false
            }
          ],
          "suites": [],
          "passes": [
            "7fed22f6-dea4-4bb3-9f2f-089f1927ddd7",
            "2b56dbe2-4bf4-4a8f-9042-d57367dabc6d"
          ],
          "failures": [],
          "pending": [],
          "skipped": [],
          "duration": 119283,
          "root": false,
          "rootEmpty": false,
          "_timeout": 2000
        }
      ],
      "passes": [],
      "failures": [],
      "pending": [],
      "skipped": [],
      "duration": 0,
      "root": true,
      "rootEmpty": true,
      "_timeout": 2000
    }
  ],
  "meta": {
    "mocha": {
      "version": "7.0.1"
    },
    "mochawesome": {
      "options": {
        "quiet": false,
        "reportFilename": "mochawesome",
        "saveHtml": false,
        "saveJson": true,
        "consoleReporter": "spec",
        "useInlineDiffs": false,
        "code": true
      },
      "version": "7.1.3"
    },
    "marge": {
      "options": {
        "reportDir": "mochawesome.html\\.jsons",
        "overwrite": false,
        "html": false,
        "json": true,
        "timestamp": "mmddyyyy_HHMMss"
      },
      "version": "6.2.0"
    }
  }
}