{
  "stats": {
    "suites": 1,
    "tests": 1,
    "passes": 1,
    "pending": 0,
    "failures": 0,
    "start": "2023-09-13T10:21:41.446Z",
    "end": "2023-09-13T10:22:20.247Z",
    "duration": 38801,
    "testsRegistered": 1,
    "passPercent": 100,
    "pendingPercent": 0,
    "other": 0,
    "hasOther": false,
    "skipped": 0,
    "hasSkipped": false
  },
  "results": [
    {
      "uuid": "2f2b1ccd-4611-4f41-b5cd-8b3f5d9b43e1",
      "title": "",
      "fullFile": "cypress\\mytests\\merci\\CypressSignup.cy.js",
      "file": "cypress\\mytests\\merci\\CypressSignup.cy.js",
      "beforeHooks": [],
      "afterHooks": [],
      "tests": [],
      "suites": [
        {
          "uuid": "d348e9bb-f62e-4311-947c-06240e0bd262",
          "title": "Test suite of SignUp page",
          "fullFile": "",
          "file": "",
          "beforeHooks": [],
          "afterHooks": [],
          "tests": [
            {
              "title": "Test cases of Signup page",
              "fullTitle": "Test suite of SignUp page Test cases of Signup page",
              "timedOut": null,
              "duration": 32917,
              "state": "passed",
              "speed": "slow",
              "pass": true,
              "fail": false,
              "pending": false,
              "context": "{\n  \"title\": \"cypress-mochawesome-reporter-videos\",\n  \"value\": \"cypress\\\\mytests\\\\merci\\\\CypressSignup.cy.js\"\n}",
              "code": "cy.visit('https://automationexercise.com/signup');\nlet sp = new _SignupPage.default();\nsp.NewUserSignUp();\nsp.RamdomEmail();\nsp.SignUp();\nsp.SelectGender();\nsp.Password();\nsp.SelectDay();\nsp.SelectMonth();\nsp.SelectYear();\nsp.SelectCheckbox();\nsp.FirstName();\nsp.LastName();\nsp.Address();\nsp.Country();\nsp.State();\nsp.City();\nsp.Zipcode();\nsp.MobileNumber();\nsp.CreateAccount();\nsp.ContinueButton();",
              "err": {},
              "uuid": "686b1400-216a-4b7f-830b-f0d1ed140bbc",
              "parentUUID": "d348e9bb-f62e-4311-947c-06240e0bd262",
              "isHook": false,
              "skipped": false
            }
          ],
          "suites": [],
          "passes": [
            "686b1400-216a-4b7f-830b-f0d1ed140bbc"
          ],
          "failures": [],
          "pending": [],
          "skipped": [],
          "duration": 32917,
          "root": false,
          "rootEmpty": false,
          "_timeout": 2000
        }
      ],
      "passes": [],
      "failures": [],
      "pending": [],
      "skipped": [],
      "duration": 0,
      "root": true,
      "rootEmpty": true,
      "_timeout": 2000
    }
  ],
  "meta": {
    "mocha": {
      "version": "7.0.1"
    },
    "mochawesome": {
      "options": {
        "quiet": false,
        "reportFilename": "mochawesome",
        "saveHtml": false,
        "saveJson": true,
        "consoleReporter": "spec",
        "useInlineDiffs": false,
        "code": true
      },
      "version": "7.1.3"
    },
    "marge": {
      "options": {
        "reportDir": "mochawesome.html\\.jsons",
        "overwrite": false,
        "html": false,
        "json": true,
        "timestamp": "mmddyyyy_HHMMss"
      },
      "version": "6.2.0"
    }
  }
}