{
  "stats": {
    "suites": 1,
    "tests": 1,
    "passes": 1,
    "pending": 0,
    "failures": 0,
    "start": "2023-09-13T10:20:05.775Z",
    "end": "2023-09-13T10:20:17.785Z",
    "duration": 12010,
    "testsRegistered": 1,
    "passPercent": 100,
    "pendingPercent": 0,
    "other": 0,
    "hasOther": false,
    "skipped": 0,
    "hasSkipped": false
  },
  "results": [
    {
      "uuid": "32ee8ff0-2f8b-47b9-90a1-6eb429eb383b",
      "title": "",
      "fullFile": "cypress\\mytests\\merci\\CypressLogin.cy.js",
      "file": "cypress\\mytests\\merci\\CypressLogin.cy.js",
      "beforeHooks": [],
      "afterHooks": [],
      "tests": [],
      "suites": [
        {
          "uuid": "18c56952-fc37-4677-b1b3-7a1e1a9f8dd2",
          "title": "Test Suite of Login",
          "fullFile": "",
          "file": "",
          "beforeHooks": [],
          "afterHooks": [],
          "tests": [
            {
              "title": "Test case of Login",
              "fullTitle": "Test Suite of Login Test case of Login",
              "timedOut": null,
              "duration": 6103,
              "state": "passed",
              "speed": "medium",
              "pass": true,
              "fail": false,
              "pending": false,
              "context": "{\n  \"title\": \"cypress-mochawesome-reporter-videos\",\n  \"value\": \"cypress\\\\mytests\\\\merci\\\\CypressLogin.cy.js\"\n}",
              "code": "cy.visit('https://automationexercise.com/login');\nlet lp = new _LoginPage.default();\n//lp.linkLogin();\nlp.EmailAddress();\nlp.LoginPassword();\nlp.LoginButton();",
              "err": {},
              "uuid": "e2189edb-f4f9-4734-bf8b-e3ca615ad994",
              "parentUUID": "18c56952-fc37-4677-b1b3-7a1e1a9f8dd2",
              "isHook": false,
              "skipped": false
            }
          ],
          "suites": [],
          "passes": [
            "e2189edb-f4f9-4734-bf8b-e3ca615ad994"
          ],
          "failures": [],
          "pending": [],
          "skipped": [],
          "duration": 6103,
          "root": false,
          "rootEmpty": false,
          "_timeout": 2000
        }
      ],
      "passes": [],
      "failures": [],
      "pending": [],
      "skipped": [],
      "duration": 0,
      "root": true,
      "rootEmpty": true,
      "_timeout": 2000
    }
  ],
  "meta": {
    "mocha": {
      "version": "7.0.1"
    },
    "mochawesome": {
      "options": {
        "quiet": false,
        "reportFilename": "mochawesome",
        "saveHtml": false,
        "saveJson": true,
        "consoleReporter": "spec",
        "useInlineDiffs": false,
        "code": true
      },
      "version": "7.1.3"
    },
    "marge": {
      "options": {
        "reportDir": "mochawesome.html\\.jsons",
        "overwrite": false,
        "html": false,
        "json": true,
        "timestamp": "mmddyyyy_HHMMss"
      },
      "version": "6.2.0"
    }
  }
}