{
  "stats": {
    "suites": 1,
    "tests": 1,
    "passes": 1,
    "pending": 0,
    "failures": 0,
    "start": "2023-06-16T08:29:41.996Z",
    "end": "2023-06-16T08:29:50.535Z",
    "duration": 8539,
    "testsRegistered": 1,
    "passPercent": 100,
    "pendingPercent": 0,
    "other": 0,
    "hasOther": false,
    "skipped": 0,
    "hasSkipped": false
  },
  "results": [
    {
      "uuid": "7343fecd-3729-4556-9649-d3b39b0b20d8",
      "title": "",
      "fullFile": "cypress\\mytests\\merci\\WebTableTest.spec.js",
      "file": "cypress\\mytests\\merci\\WebTableTest.spec.js",
      "beforeHooks": [],
      "afterHooks": [],
      "tests": [],
      "suites": [
        {
          "uuid": "fb207644-7143-4820-ae53-f9b05bc5dcb4",
          "title": "Checkbox Test",
          "fullFile": "",
          "file": "",
          "beforeHooks": [],
          "afterHooks": [],
          "tests": [
            {
              "title": "Test Suite",
              "fullTitle": "Checkbox Test Test Suite",
              "timedOut": null,
              "duration": 5465,
              "state": "passed",
              "speed": "medium",
              "pass": true,
              "fail": false,
              "pending": false,
              "context": "{\n  \"title\": \"cypress-mochawesome-reporter-videos\",\n  \"value\": \"cypress\\\\mytests\\\\merci\\\\WebTableTest.spec.js\"\n}",
              "code": "cy.visit('https://rahulshettyacademy.com/AutomationPractice/');\ncy.get('tr td:nth-child(2)').each(($e1, index, $list) => {\n  const text = $e1.text();\n  if (text.includes(\"Python\")) {\n    cy.get(\"tr td:nth-child(2)\").eq(index).next().then(function (price) {\n      const priceText = price.text();\n      expect(priceText).to.equal('25');\n    });\n  }\n});",
              "err": {},
              "uuid": "f41ff17f-40af-4152-a306-753b8a199681",
              "parentUUID": "fb207644-7143-4820-ae53-f9b05bc5dcb4",
              "isHook": false,
              "skipped": false
            }
          ],
          "suites": [],
          "passes": [
            "f41ff17f-40af-4152-a306-753b8a199681"
          ],
          "failures": [],
          "pending": [],
          "skipped": [],
          "duration": 5465,
          "root": false,
          "rootEmpty": false,
          "_timeout": 2000
        }
      ],
      "passes": [],
      "failures": [],
      "pending": [],
      "skipped": [],
      "duration": 0,
      "root": true,
      "rootEmpty": true,
      "_timeout": 2000
    }
  ],
  "meta": {
    "mocha": {
      "version": "7.0.1"
    },
    "mochawesome": {
      "options": {
        "quiet": false,
        "reportFilename": "mochawesome",
        "saveHtml": false,
        "saveJson": true,
        "consoleReporter": "spec",
        "useInlineDiffs": false,
        "code": true
      },
      "version": "7.1.3"
    },
    "marge": {
      "options": {
        "overwrite": false,
        "html": false,
        "json": true,
        "reportDir": "cypress\\reports\\html\\.jsons"
      },
      "version": "6.2.0"
    }
  }
}