{
  "stats": {
    "suites": 1,
    "tests": 1,
    "passes": 1,
    "pending": 0,
    "failures": 0,
    "start": "2023-06-19T14:09:35.806Z",
    "end": "2023-06-19T14:09:41.461Z",
    "duration": 5655,
    "testsRegistered": 1,
    "passPercent": 100,
    "pendingPercent": 0,
    "other": 0,
    "hasOther": false,
    "skipped": 0,
    "hasSkipped": false
  },
  "results": [
    {
      "uuid": "5ad24e61-faef-4086-9302-2372c29b96cc",
      "title": "",
      "fullFile": "cypress\\mytests\\merci\\FeaturesTest.spec.js",
      "file": "cypress\\mytests\\merci\\FeaturesTest.spec.js",
      "beforeHooks": [],
      "afterHooks": [],
      "tests": [],
      "suites": [
        {
          "uuid": "d0f7fa5e-3ffb-4f1a-ab1b-ed8570b60ace",
          "title": "My test Suite",
          "fullFile": "",
          "file": "",
          "beforeHooks": [],
          "afterHooks": [],
          "tests": [
            {
              "title": "My Test Case",
              "fullTitle": "My test Suite My Test Case",
              "timedOut": null,
              "duration": 2252,
              "state": "passed",
              "speed": "fast",
              "pass": true,
              "fail": false,
              "pending": false,
              "context": "{\n  \"title\": \"cypress-mochawesome-reporter-videos\",\n  \"value\": \"cypress\\\\mytests\\\\merci\\\\FeaturesTest.spec.js\"\n}",
              "code": "cy.visit(\"https://rahulshettyacademy.com/seleniumPractise/#/\");\ncy.get('.search-keyword').type('ca');\n//visible as well as nonvisible products\ncy.get('.product').should('have.length', 5);\n//Visible Products\ncy.get('.product:visible').should('have.length', 4);\n//Parent Child Chaining\ncy.get('.products').find('.product').should('have.length', 4);\n//select index value like 2 out of 4 then contains that particular text and click over it\ncy.get('.products').find('.product').eq(2).contains('ADD TO CART').click();\nconsole.log('sk');\ncy.get('.products').find('.product').each(($e1, index, $list) => {\n  //Iteration through an array like structure (each)\n  const textVeg = $e1.find('h4.product-name').text(); //to hit particular text\n  if (textVeg.includes('Cashews'))\n    // to find sub-text\n    {\n      $e1.find('button').click();\n    }\n});\n//assert if logo text is correctly displayed\ncy.get('.brand').should('have.text', 'GREENKART');\n//this is to print in test runner logs\ncy.get('.brand').then(function (logoelement)\n//when u are throughing any variable then use promise (then) so that cypress can understand and resolve the variable\n{\n  cy.log(logoelement.text());\n});",
              "err": {},
              "uuid": "5471f1bd-e117-4efd-9c2d-0068b8551b76",
              "parentUUID": "d0f7fa5e-3ffb-4f1a-ab1b-ed8570b60ace",
              "isHook": false,
              "skipped": false
            }
          ],
          "suites": [],
          "passes": [
            "5471f1bd-e117-4efd-9c2d-0068b8551b76"
          ],
          "failures": [],
          "pending": [],
          "skipped": [],
          "duration": 2252,
          "root": false,
          "rootEmpty": false,
          "_timeout": 2000
        }
      ],
      "passes": [],
      "failures": [],
      "pending": [],
      "skipped": [],
      "duration": 0,
      "root": true,
      "rootEmpty": true,
      "_timeout": 2000
    }
  ],
  "meta": {
    "mocha": {
      "version": "7.0.1"
    },
    "mochawesome": {
      "options": {
        "quiet": false,
        "reportFilename": "mochawesome",
        "saveHtml": false,
        "saveJson": true,
        "consoleReporter": "spec",
        "useInlineDiffs": false,
        "code": true
      },
      "version": "7.1.3"
    },
    "marge": {
      "options": {
        "overwrite": false,
        "html": false,
        "json": true,
        "reportDir": "cypress\\reports\\html\\.jsons"
      },
      "version": "6.2.0"
    }
  }
}