{
  "stats": {
    "suites": 1,
    "tests": 1,
    "passes": 1,
    "pending": 0,
    "failures": 0,
    "start": "2023-06-19T09:28:07.845Z",
    "end": "2023-06-19T09:28:12.922Z",
    "duration": 5077,
    "testsRegistered": 1,
    "passPercent": 100,
    "pendingPercent": 0,
    "other": 0,
    "hasOther": false,
    "skipped": 0,
    "hasSkipped": false
  },
  "results": [
    {
      "uuid": "5835516e-7fe5-4b43-bca9-566beab6ac86",
      "title": "",
      "fullFile": "cypress\\mytests\\merci\\CheckoutTest.spec.js",
      "file": "cypress\\mytests\\merci\\CheckoutTest.spec.js",
      "beforeHooks": [],
      "afterHooks": [],
      "tests": [],
      "suites": [
        {
          "uuid": "b8dca2dc-e53d-400f-b55b-6f6293602ad7",
          "title": "My Second Test",
          "fullFile": "",
          "file": "",
          "beforeHooks": [],
          "afterHooks": [],
          "tests": [
            {
              "title": "My test suite",
              "fullTitle": "My Second Test My test suite",
              "timedOut": null,
              "duration": 2686,
              "state": "passed",
              "speed": "fast",
              "pass": true,
              "fail": false,
              "pending": false,
              "context": "{\n  \"title\": \"cypress-mochawesome-reporter-videos\",\n  \"value\": \"cypress\\\\mytests\\\\merci\\\\CheckoutTest.spec.js\"\n}",
              "code": "cy.visit(\"https://rahulshettyacademy.com/seleniumPractise/#/\");\ncy.get('.search-keyword').type('ca');\ncy.get('.products').as('productLocator');\ncy.get('@productLocator').find('.product').each(($e1, index, $list) => {\n  const textVeg = $e1.find('h4.product-name').text();\n  if (textVeg.includes('Cashews')) {\n    $e1.find('button').click();\n  }\n});\ncy.get('.cart-icon > img').click();\ncy.contains('PROCEED TO CHECKOUT').click();\ncy.contains('Place Order').click();",
              "err": {},
              "uuid": "26b5c146-e5de-4bfa-8fe4-29c08f198842",
              "parentUUID": "b8dca2dc-e53d-400f-b55b-6f6293602ad7",
              "isHook": false,
              "skipped": false
            }
          ],
          "suites": [],
          "passes": [
            "26b5c146-e5de-4bfa-8fe4-29c08f198842"
          ],
          "failures": [],
          "pending": [],
          "skipped": [],
          "duration": 2686,
          "root": false,
          "rootEmpty": false,
          "_timeout": 2000
        }
      ],
      "passes": [],
      "failures": [],
      "pending": [],
      "skipped": [],
      "duration": 0,
      "root": true,
      "rootEmpty": true,
      "_timeout": 2000
    }
  ],
  "meta": {
    "mocha": {
      "version": "7.0.1"
    },
    "mochawesome": {
      "options": {
        "quiet": false,
        "reportFilename": "mochawesome",
        "saveHtml": false,
        "saveJson": true,
        "consoleReporter": "spec",
        "useInlineDiffs": false,
        "code": true
      },
      "version": "7.1.3"
    },
    "marge": {
      "options": {
        "overwrite": false,
        "html": false,
        "json": true,
        "reportDir": "cypress\\reports\\html\\.jsons"
      },
      "version": "6.2.0"
    }
  }
}