{
  "stats": {
    "suites": 1,
    "tests": 1,
    "passes": 1,
    "pending": 0,
    "failures": 0,
    "start": "2023-06-19T11:55:28.675Z",
    "end": "2023-06-19T11:55:39.344Z",
    "duration": 10669,
    "testsRegistered": 1,
    "passPercent": 100,
    "pendingPercent": 0,
    "other": 0,
    "hasOther": false,
    "skipped": 0,
    "hasSkipped": false
  },
  "results": [
    {
      "uuid": "d4b3ad4f-f6ce-45c0-8003-b96d6f771780",
      "title": "",
      "fullFile": "cypress\\mytests\\merci\\MouseHover.spec.js",
      "file": "cypress\\mytests\\merci\\MouseHover.spec.js",
      "beforeHooks": [],
      "afterHooks": [],
      "tests": [],
      "suites": [
        {
          "uuid": "e8ce5ca7-b5b7-441c-bf23-e7f1aae12dce",
          "title": "MouseHover Test",
          "fullFile": "",
          "file": "",
          "beforeHooks": [],
          "afterHooks": [],
          "tests": [
            {
              "title": "Test Suite",
              "fullTitle": "MouseHover Test Test Suite",
              "timedOut": null,
              "duration": 7775,
              "state": "passed",
              "speed": "medium",
              "pass": true,
              "fail": false,
              "pending": false,
              "context": "{\n  \"title\": \"cypress-mochawesome-reporter-videos\",\n  \"value\": \"cypress\\\\mytests\\\\merci\\\\MouseHover.spec.js\"\n}",
              "code": "cy.visit('https://rahulshettyacademy.com/AutomationPractice/');\n// cy.get('.mouse-hover-content').invoke('show')       // mousehover with jquery (invoke)\ncy.contains('Top').click({\n  force: true\n}); // forcefully click on hidden element {force:true}\ncy.url().should('include', 'top');",
              "err": {},
              "uuid": "88169dbd-24e7-42d1-98f0-cb7872dddc88",
              "parentUUID": "e8ce5ca7-b5b7-441c-bf23-e7f1aae12dce",
              "isHook": false,
              "skipped": false
            }
          ],
          "suites": [],
          "passes": [
            "88169dbd-24e7-42d1-98f0-cb7872dddc88"
          ],
          "failures": [],
          "pending": [],
          "skipped": [],
          "duration": 7775,
          "root": false,
          "rootEmpty": false,
          "_timeout": 2000
        }
      ],
      "passes": [],
      "failures": [],
      "pending": [],
      "skipped": [],
      "duration": 0,
      "root": true,
      "rootEmpty": true,
      "_timeout": 2000
    }
  ],
  "meta": {
    "mocha": {
      "version": "7.0.1"
    },
    "mochawesome": {
      "options": {
        "quiet": false,
        "reportFilename": "mochawesome",
        "saveHtml": false,
        "saveJson": true,
        "consoleReporter": "spec",
        "useInlineDiffs": false,
        "code": true
      },
      "version": "7.1.3"
    },
    "marge": {
      "options": {
        "overwrite": false,
        "html": false,
        "json": true,
        "reportDir": "cypress\\reports\\html\\.jsons"
      },
      "version": "6.2.0"
    }
  }
}