{
  "stats": {
    "suites": 1,
    "tests": 1,
    "passes": 1,
    "pending": 0,
    "failures": 0,
    "start": "2023-06-16T08:55:30.423Z",
    "end": "2023-06-16T08:55:42.026Z",
    "duration": 11603,
    "testsRegistered": 1,
    "passPercent": 100,
    "pendingPercent": 0,
    "other": 0,
    "hasOther": false,
    "skipped": 0,
    "hasSkipped": false
  },
  "results": [
    {
      "uuid": "63305b35-31a7-49c2-80d9-0256721024f8",
      "title": "",
      "fullFile": "cypress\\mytests\\merci\\IFrameTest.spec.js",
      "file": "cypress\\mytests\\merci\\IFrameTest.spec.js",
      "beforeHooks": [],
      "afterHooks": [],
      "tests": [],
      "suites": [
        {
          "uuid": "58f317ef-0202-4bac-8a4e-6cd08d96a7f1",
          "title": "Frame Test",
          "fullFile": "",
          "file": "",
          "beforeHooks": [],
          "afterHooks": [],
          "tests": [
            {
              "title": "My Test Suite",
              "fullTitle": "Frame Test My Test Suite",
              "timedOut": null,
              "duration": 8007,
              "state": "passed",
              "speed": "medium",
              "pass": true,
              "fail": false,
              "pending": false,
              "context": "{\n  \"title\": \"cypress-mochawesome-reporter-videos\",\n  \"value\": \"cypress\\\\mytests\\\\merci\\\\IFrameTest.spec.js\"\n}",
              "code": "cy.visit('https://rahulshettyacademy.com/AutomationPractice/');\ncy.frameLoaded('#courses-iframe');\ncy.iframe().find(\"a[href*='mentorship']\").eq(0).click();\n//cy.xpath('//button[@id=\"openwindow\"]').click()",
              "err": {},
              "uuid": "779b9e33-eac6-46c4-9a2a-a8bf2f915e5b",
              "parentUUID": "58f317ef-0202-4bac-8a4e-6cd08d96a7f1",
              "isHook": false,
              "skipped": false
            }
          ],
          "suites": [],
          "passes": [
            "779b9e33-eac6-46c4-9a2a-a8bf2f915e5b"
          ],
          "failures": [],
          "pending": [],
          "skipped": [],
          "duration": 8007,
          "root": false,
          "rootEmpty": false,
          "_timeout": 2000
        }
      ],
      "passes": [],
      "failures": [],
      "pending": [],
      "skipped": [],
      "duration": 0,
      "root": true,
      "rootEmpty": true,
      "_timeout": 2000
    }
  ],
  "meta": {
    "mocha": {
      "version": "7.0.1"
    },
    "mochawesome": {
      "options": {
        "quiet": false,
        "reportFilename": "mochawesome",
        "saveHtml": false,
        "saveJson": true,
        "consoleReporter": "spec",
        "useInlineDiffs": false,
        "code": true
      },
      "version": "7.1.3"
    },
    "marge": {
      "options": {
        "overwrite": false,
        "html": false,
        "json": true,
        "reportDir": "cypress\\reports\\html\\.jsons"
      },
      "version": "6.2.0"
    }
  }
}