{
  "stats": {
    "suites": 1,
    "tests": 1,
    "passes": 1,
    "pending": 0,
    "failures": 0,
    "start": "2023-06-19T13:42:49.350Z",
    "end": "2023-06-19T13:42:56.717Z",
    "duration": 7367,
    "testsRegistered": 1,
    "passPercent": 100,
    "pendingPercent": 0,
    "other": 0,
    "hasOther": false,
    "skipped": 0,
    "hasSkipped": false
  },
  "results": [
    {
      "uuid": "84a583d3-97c7-4641-aa97-6cbcea6e07ca",
      "title": "",
      "fullFile": "cypress\\mytests\\merci\\MouseHover.spec.js",
      "file": "cypress\\mytests\\merci\\MouseHover.spec.js",
      "beforeHooks": [],
      "afterHooks": [],
      "tests": [],
      "suites": [
        {
          "uuid": "a6562c0c-b805-4917-a3e5-277124365a66",
          "title": "MouseHover Test",
          "fullFile": "",
          "file": "",
          "beforeHooks": [],
          "afterHooks": [],
          "tests": [
            {
              "title": "Test Suite",
              "fullTitle": "MouseHover Test Test Suite",
              "timedOut": null,
              "duration": 4880,
              "state": "passed",
              "speed": "fast",
              "pass": true,
              "fail": false,
              "pending": false,
              "context": "{\n  \"title\": \"cypress-mochawesome-reporter-videos\",\n  \"value\": \"cypress\\\\mytests\\\\merci\\\\MouseHover.spec.js\"\n}",
              "code": "cy.visit('https://rahulshettyacademy.com/AutomationPractice/');\n// cy.get('.mouse-hover-content').invoke('show')       // mousehover with jquery (invoke)\ncy.contains('Top').click({\n  force: true\n}); // forcefully click on hidden element {force:true}\ncy.url().should('include', 'top');",
              "err": {},
              "uuid": "2e33c536-1362-42ef-b0a6-439ac114d85a",
              "parentUUID": "a6562c0c-b805-4917-a3e5-277124365a66",
              "isHook": false,
              "skipped": false
            }
          ],
          "suites": [],
          "passes": [
            "2e33c536-1362-42ef-b0a6-439ac114d85a"
          ],
          "failures": [],
          "pending": [],
          "skipped": [],
          "duration": 4880,
          "root": false,
          "rootEmpty": false,
          "_timeout": 2000
        }
      ],
      "passes": [],
      "failures": [],
      "pending": [],
      "skipped": [],
      "duration": 0,
      "root": true,
      "rootEmpty": true,
      "_timeout": 2000
    }
  ],
  "meta": {
    "mocha": {
      "version": "7.0.1"
    },
    "mochawesome": {
      "options": {
        "quiet": false,
        "reportFilename": "mochawesome",
        "saveHtml": false,
        "saveJson": true,
        "consoleReporter": "spec",
        "useInlineDiffs": false,
        "code": true
      },
      "version": "7.1.3"
    },
    "marge": {
      "options": {
        "overwrite": false,
        "html": false,
        "json": true,
        "reportDir": "cypress\\reports\\html\\.jsons"
      },
      "version": "6.2.0"
    }
  }
}