{
  "stats": {
    "suites": 1,
    "tests": 1,
    "passes": 1,
    "pending": 0,
    "failures": 0,
    "start": "2023-06-19T09:54:28.932Z",
    "end": "2023-06-19T09:54:36.111Z",
    "duration": 7179,
    "testsRegistered": 1,
    "passPercent": 100,
    "pendingPercent": 0,
    "other": 0,
    "hasOther": false,
    "skipped": 0,
    "hasSkipped": false
  },
  "results": [
    {
      "uuid": "ea48c598-b4be-4575-bd8d-d65d8b9d4cee",
      "title": "",
      "fullFile": "cypress\\mytests\\merci\\MouseHover.spec.js",
      "file": "cypress\\mytests\\merci\\MouseHover.spec.js",
      "beforeHooks": [],
      "afterHooks": [],
      "tests": [],
      "suites": [
        {
          "uuid": "d97fb07d-39d7-47e1-be69-1a030a4654c9",
          "title": "MouseHover Test",
          "fullFile": "",
          "file": "",
          "beforeHooks": [],
          "afterHooks": [],
          "tests": [
            {
              "title": "Test Suite",
              "fullTitle": "MouseHover Test Test Suite",
              "timedOut": null,
              "duration": 5296,
              "state": "passed",
              "speed": "medium",
              "pass": true,
              "fail": false,
              "pending": false,
              "context": "{\n  \"title\": \"cypress-mochawesome-reporter-videos\",\n  \"value\": \"cypress\\\\mytests\\\\merci\\\\MouseHover.spec.js\"\n}",
              "code": "cy.visit('https://rahulshettyacademy.com/AutomationPractice/');\n// cy.get('.mouse-hover-content').invoke('show')       // mousehover with jquery (invoke)\ncy.contains('Top').click({\n  force: true\n}); // forcefully click on hidden element {force:true}\ncy.url().should('include', 'top');",
              "err": {},
              "uuid": "3fe5f9f3-2ce2-4914-9422-8ae9b16969b8",
              "parentUUID": "d97fb07d-39d7-47e1-be69-1a030a4654c9",
              "isHook": false,
              "skipped": false
            }
          ],
          "suites": [],
          "passes": [
            "3fe5f9f3-2ce2-4914-9422-8ae9b16969b8"
          ],
          "failures": [],
          "pending": [],
          "skipped": [],
          "duration": 5296,
          "root": false,
          "rootEmpty": false,
          "_timeout": 2000
        }
      ],
      "passes": [],
      "failures": [],
      "pending": [],
      "skipped": [],
      "duration": 0,
      "root": true,
      "rootEmpty": true,
      "_timeout": 2000
    }
  ],
  "meta": {
    "mocha": {
      "version": "7.0.1"
    },
    "mochawesome": {
      "options": {
        "quiet": false,
        "reportFilename": "mochawesome",
        "saveHtml": false,
        "saveJson": true,
        "consoleReporter": "spec",
        "useInlineDiffs": false,
        "code": true
      },
      "version": "7.1.3"
    },
    "marge": {
      "options": {
        "overwrite": false,
        "html": false,
        "json": true,
        "reportDir": "cypress\\reports\\html\\.jsons"
      },
      "version": "6.2.0"
    }
  }
}