{
  "stats": {
    "suites": 1,
    "tests": 2,
    "passes": 2,
    "pending": 0,
    "failures": 0,
    "start": "2023-06-15T10:23:55.452Z",
    "end": "2023-06-15T10:25:22.584Z",
    "duration": 87132,
    "testsRegistered": 2,
    "passPercent": 100,
    "pendingPercent": 0,
    "other": 0,
    "hasOther": false,
    "skipped": 0,
    "hasSkipped": false
  },
  "results": [
    {
      "uuid": "3412953b-c368-4828-862a-f4ab2f1e3b7b",
      "title": "",
      "fullFile": "cypress\\mytests\\merci\\CypressFramework.spec.js",
      "file": "cypress\\mytests\\merci\\CypressFramework.spec.js",
      "beforeHooks": [],
      "afterHooks": [],
      "tests": [],
      "suites": [
        {
          "uuid": "9ef4149f-aeaa-45db-945d-a15901e83474",
          "title": "Test Suite Cypress framework",
          "fullFile": "",
          "file": "",
          "beforeHooks": [],
          "afterHooks": [],
          "tests": [
            {
              "title": "Positive Test case of Cypress Framework",
              "fullTitle": "Test Suite Cypress framework Positive Test case of Cypress Framework",
              "timedOut": null,
              "duration": 65076,
              "state": "passed",
              "speed": "slow",
              "pass": true,
              "fail": false,
              "pending": false,
              "context": "{\n  \"title\": \"cypress-mochawesome-reporter-videos\",\n  \"value\": \"cypress\\\\mytests\\\\merci\\\\CypressFramework.spec.js\"\n}",
              "code": "cy.visit('https://automationexercise.com');\ncy.get(':nth-child(1) > .panel-heading > .panel-title > a > .badge > .fa').click();\ncy.contains(\"Dress\").click();\ncy.contains(\"View Product\").click();\ncy.get('button[class=\"btn btn-default cart\"]').click();\ncy.contains(\"Continue Shopping\").click();\ncy.contains('Madame').click();\ncy.get(':nth-child(6) > .product-image-wrapper > .single-products > .productinfo > img').scrollIntoView();\ncy.get(':nth-child(6) > .product-image-wrapper > .choose > .nav > li > a').click();\nconst numClicks = 3; // Number of times to click the up arrow with loop\nfor (let i = 0; i < numClicks; i++) {\n  cy.get('input[name=\"quantity\"]').click().type('{upArrow}');\n}\ncy.get('button[class=\"btn btn-default cart\"]').click();\ncy.contains(\"View Cart\").click();\ncy.contains(\"Proceed To Checkout\").click();\nconst myLink = cy.get('.modal-body > :nth-child(2) > a > u'); // a href tag code to click on login/Registration page\nmyLink.invoke('attr', 'href').then(href => {\n  cy.visit('https://automationexercise.com/login');\n});\nconst faker = __webpack_require__(/*! faker */ \"./node_modules/faker/index.js\"); // Random Email Generation\nfunction getRandomEmail() {\n  const randomEmail = faker.internet.email();\n  return randomEmail;\n}\nconst randomEmail = getRandomEmail(); // Usage\ncy.get('input[name=\"name\"]').type('Smaira');\ncy.get('input[data-qa=\"signup-email\"]').type(randomEmail);\ncy.get('button[data-qa=\"signup-button\"]').click();\ncy.get('input[value=\"Mrs\"]').check(); // Radio Button\ncy.get('#password').type('Test@123');\ncy.get('#days').select('4').should('have.value', '4'); // Drop down list\ncy.get('#months').select('February').should('have.value', '2');\ncy.get('#years').select('2005').should('have.value', '2005');\ncy.get('input[id=\"optin\"]').check(); // Checkbox\ncy.get('[data-qa=\"first_name\"]').type('Smaira');\ncy.get('[data-qa=\"last_name\"]').type('Khan');\ncy.get('[data-qa=\"address\"]').type('Down Town');\ncy.get('[data-qa=\"country\"]').select('Singapore');\ncy.get('#state').type('Asia');\ncy.get('#city').type('East Region');\ncy.get('#zipcode').type('179098');\ncy.get('#mobile_number').type('+17854626');\ncy.contains('Create Account').click();\ncy.get('[data-qa=\"continue-button\"]').click();\nconst myLink1 = cy.get('.shop-menu > .nav > :nth-child(3) > a'); // a href tag code to click on login/Registration page\nmyLink1.invoke('attr', 'href').then(href => {\n  cy.visit('https://automationexercise.com/view_cart');\n});\ncy.contains('Proceed To Checkout').click();\ncy.contains('Place Order').click();\ncy.get('input[data-qa=\"name-on-card\"]').type('Smaira'); // Payment\ncy.get('input[data-qa=\"card-number\"]').type('5458745');\ncy.get('input[data-qa=\"cvc\"]').type('544');\ncy.get('input[data-qa=\"expiry-month\"]').type('05');\ncy.get('input[data-qa=\"expiry-year\"]').type('2028');\ncy.get('[data-qa=\"pay-button\"]').click();\ncy.contains('Continue').click();",
              "err": {},
              "uuid": "e368be37-9915-4c3d-b4cd-d5bf8909d1e1",
              "parentUUID": "9ef4149f-aeaa-45db-945d-a15901e83474",
              "isHook": false,
              "skipped": false
            },
            {
              "title": "Negative Test case of Cypress Framework",
              "fullTitle": "Test Suite Cypress framework Negative Test case of Cypress Framework",
              "timedOut": null,
              "duration": 16651,
              "state": "passed",
              "speed": "slow",
              "pass": true,
              "fail": false,
              "pending": false,
              "context": "{\n  \"title\": \"cypress-mochawesome-reporter-videos\",\n  \"value\": \"cypress\\\\mytests\\\\merci\\\\CypressFramework.spec.js\"\n}",
              "code": "cy.visit('https://automationexercise.com');\nconst myLink = cy.get('.modal-body > :nth-child(2) > a > u'); // a href tag code to click on login/Registration page\nmyLink.invoke('attr', 'href').then(href => {\n  cy.visit('https://automationexercise.com/login');\n});\ncy.xpath('//input[@data-qa=\"login-email\"]').type('bocave9429@carpetra.com');\ncy.xpath('//input[@placeholder=\"Password\"]').type('abc@1234');\ncy.xpath('//button[@data-qa=\"login-button\"]').click();",
              "err": {},
              "uuid": "7f2d425c-fbc9-4899-a53d-231ebb4a8109",
              "parentUUID": "9ef4149f-aeaa-45db-945d-a15901e83474",
              "isHook": false,
              "skipped": false
            }
          ],
          "suites": [],
          "passes": [
            "e368be37-9915-4c3d-b4cd-d5bf8909d1e1",
            "7f2d425c-fbc9-4899-a53d-231ebb4a8109"
          ],
          "failures": [],
          "pending": [],
          "skipped": [],
          "duration": 81727,
          "root": false,
          "rootEmpty": false,
          "_timeout": 2000
        }
      ],
      "passes": [],
      "failures": [],
      "pending": [],
      "skipped": [],
      "duration": 0,
      "root": true,
      "rootEmpty": true,
      "_timeout": 2000
    }
  ],
  "meta": {
    "mocha": {
      "version": "7.0.1"
    },
    "mochawesome": {
      "options": {
        "quiet": false,
        "reportFilename": "mochawesome",
        "saveHtml": false,
        "saveJson": true,
        "consoleReporter": "spec",
        "useInlineDiffs": false,
        "code": true
      },
      "version": "7.1.3"
    },
    "marge": {
      "options": {
        "overwrite": false,
        "html": false,
        "json": true,
        "reportDir": "cypress\\reports\\html\\.jsons"
      },
      "version": "6.2.0"
    }
  }
}