{
  "stats": {
    "suites": 1,
    "tests": 1,
    "passes": 1,
    "pending": 0,
    "failures": 0,
    "start": "2023-06-19T09:33:39.466Z",
    "end": "2023-06-19T09:33:46.641Z",
    "duration": 7175,
    "testsRegistered": 1,
    "passPercent": 100,
    "pendingPercent": 0,
    "other": 0,
    "hasOther": false,
    "skipped": 0,
    "hasSkipped": false
  },
  "results": [
    {
      "uuid": "5e20b5c3-b7cc-457b-8623-53a1d41c2bfc",
      "title": "",
      "fullFile": "cypress\\mytests\\merci\\IFrameTest.spec.js",
      "file": "cypress\\mytests\\merci\\IFrameTest.spec.js",
      "beforeHooks": [],
      "afterHooks": [],
      "tests": [],
      "suites": [
        {
          "uuid": "75781fe7-7a34-4d43-81d5-e06cb79ed143",
          "title": "Frame Test",
          "fullFile": "",
          "file": "",
          "beforeHooks": [],
          "afterHooks": [],
          "tests": [
            {
              "title": "My Test Suite",
              "fullTitle": "Frame Test My Test Suite",
              "timedOut": null,
              "duration": 5528,
              "state": "passed",
              "speed": "medium",
              "pass": true,
              "fail": false,
              "pending": false,
              "context": "{\n  \"title\": \"cypress-mochawesome-reporter-videos\",\n  \"value\": \"cypress\\\\mytests\\\\merci\\\\IFrameTest.spec.js\"\n}",
              "code": "cy.visit('https://rahulshettyacademy.com/AutomationPractice/');\ncy.frameLoaded('#courses-iframe');\ncy.iframe().find(\"a[href*='mentorship']\").eq(0).click();\n//cy.xpath('//button[@id=\"openwindow\"]').click()",
              "err": {},
              "uuid": "89ac2301-124b-4bc4-82b0-46b6b383a3de",
              "parentUUID": "75781fe7-7a34-4d43-81d5-e06cb79ed143",
              "isHook": false,
              "skipped": false
            }
          ],
          "suites": [],
          "passes": [
            "89ac2301-124b-4bc4-82b0-46b6b383a3de"
          ],
          "failures": [],
          "pending": [],
          "skipped": [],
          "duration": 5528,
          "root": false,
          "rootEmpty": false,
          "_timeout": 2000
        }
      ],
      "passes": [],
      "failures": [],
      "pending": [],
      "skipped": [],
      "duration": 0,
      "root": true,
      "rootEmpty": true,
      "_timeout": 2000
    }
  ],
  "meta": {
    "mocha": {
      "version": "7.0.1"
    },
    "mochawesome": {
      "options": {
        "quiet": false,
        "reportFilename": "mochawesome",
        "saveHtml": false,
        "saveJson": true,
        "consoleReporter": "spec",
        "useInlineDiffs": false,
        "code": true
      },
      "version": "7.1.3"
    },
    "marge": {
      "options": {
        "overwrite": false,
        "html": false,
        "json": true,
        "reportDir": "cypress\\reports\\html\\.jsons"
      },
      "version": "6.2.0"
    }
  }
}