{
  "stats": {
    "suites": 1,
    "tests": 1,
    "passes": 1,
    "pending": 0,
    "failures": 0,
    "start": "2023-06-19T11:55:08.442Z",
    "end": "2023-06-19T11:55:22.617Z",
    "duration": 14175,
    "testsRegistered": 1,
    "passPercent": 100,
    "pendingPercent": 0,
    "other": 0,
    "hasOther": false,
    "skipped": 0,
    "hasSkipped": false
  },
  "results": [
    {
      "uuid": "6d15145e-606d-45b9-ace6-a10c5c5e0a4f",
      "title": "",
      "fullFile": "cypress\\mytests\\merci\\LoginTest.spec.js",
      "file": "cypress\\mytests\\merci\\LoginTest.spec.js",
      "beforeHooks": [],
      "afterHooks": [],
      "tests": [],
      "suites": [
        {
          "uuid": "db952278-3ec9-4ec5-8552-62e36c079e50",
          "title": "Test Suite Cypress framework",
          "fullFile": "",
          "file": "",
          "beforeHooks": [],
          "afterHooks": [],
          "tests": [
            {
              "title": "Test case of Cypress Framework",
              "fullTitle": "Test Suite Cypress framework Test case of Cypress Framework",
              "timedOut": null,
              "duration": 6589,
              "state": "passed",
              "speed": "medium",
              "pass": true,
              "fail": false,
              "pending": false,
              "context": "{\n  \"title\": \"cypress-mochawesome-reporter-videos\",\n  \"value\": \"cypress\\\\mytests\\\\merci\\\\LoginTest.spec.js\"\n}",
              "code": "// cy.visit('https://opensource-demo.orangehrmlive.com/web/index.php/auth/login')\n// cy.xpath('//input[@placeholder=\"Username\"]').type('Admin')\n// cy.xpath('//input[@placeholder=\"Password\"]').type('admin123')\n// cy.xpath('//button[@type=\"submit\"]').click()\ncy.visit('http://automationpractice.pl/index.php');\ncy.xpath('//a[@title=\"Women\"]').click();\n// describe('free crm app' , ()=>{\n//     it('login test' , ()=>{\n//         cy.visit('http://classic.crmpro.com/')\n//         cy.get('input[name=\"username\"]').type('shaina')\n//         cy.get('input[name=\"password\"]').type('Arhaan@1122')\n//         cy.get('input[type=\"Login\"]').click()\n//         cy.title().should('have', 'CRMPRO')\n//         cy.get('Contacts').click()",
              "err": {},
              "uuid": "be4f0212-2226-4f87-a706-4384e08ab864",
              "parentUUID": "db952278-3ec9-4ec5-8552-62e36c079e50",
              "isHook": false,
              "skipped": false
            }
          ],
          "suites": [],
          "passes": [
            "be4f0212-2226-4f87-a706-4384e08ab864"
          ],
          "failures": [],
          "pending": [],
          "skipped": [],
          "duration": 6589,
          "root": false,
          "rootEmpty": false,
          "_timeout": 2000
        }
      ],
      "passes": [],
      "failures": [],
      "pending": [],
      "skipped": [],
      "duration": 0,
      "root": true,
      "rootEmpty": true,
      "_timeout": 2000
    }
  ],
  "meta": {
    "mocha": {
      "version": "7.0.1"
    },
    "mochawesome": {
      "options": {
        "quiet": false,
        "reportFilename": "mochawesome",
        "saveHtml": false,
        "saveJson": true,
        "consoleReporter": "spec",
        "useInlineDiffs": false,
        "code": true
      },
      "version": "7.1.3"
    },
    "marge": {
      "options": {
        "overwrite": false,
        "html": false,
        "json": true,
        "reportDir": "cypress\\reports\\html\\.jsons"
      },
      "version": "6.2.0"
    }
  }
}