{
  "stats": {
    "suites": 1,
    "tests": 1,
    "passes": 0,
    "pending": 0,
    "failures": 1,
    "start": "2023-06-19T11:54:38.833Z",
    "end": "2023-06-19T11:54:48.757Z",
    "duration": 9924,
    "testsRegistered": 1,
    "passPercent": 0,
    "pendingPercent": 0,
    "other": 0,
    "hasOther": false,
    "skipped": 0,
    "hasSkipped": false
  },
  "results": [
    {
      "uuid": "97d9004a-57f4-4e84-9e0d-0a908243a29f",
      "title": "",
      "fullFile": "cypress\\mytests\\merci\\FrameWorkTest.spec.js",
      "file": "cypress\\mytests\\merci\\FrameWorkTest.spec.js",
      "beforeHooks": [],
      "afterHooks": [],
      "tests": [],
      "suites": [
        {
          "uuid": "11b75582-8a2e-4798-9592-3b43b6be3bc1",
          "title": "My Framework Test",
          "fullFile": "",
          "file": "",
          "beforeHooks": [],
          "afterHooks": [],
          "tests": [
            {
              "title": "My Test Suite",
              "fullTitle": "My Framework Test My Test Suite",
              "timedOut": null,
              "duration": 7740,
              "state": "failed",
              "speed": null,
              "pass": false,
              "fail": true,
              "pending": false,
              "context": "[\n  {\n    \"title\": \"cypress-mochawesome-reporter-videos\",\n    \"value\": \"cypress\\\\mytests\\\\merci\\\\FrameWorkTest.spec.js\"\n  },\n  {\n    \"title\": \"cypress-mochawesome-reporter-screenshots\",\n    \"value\": [\n      [\n        {\n          \"title\": \"Failed screenshot\",\n          \"value\": \"\\\\FrameWorkTest.spec.js\\\\My Framework Test -- My Test Suite (failed).png\"\n        }\n      ]\n    ]\n  }\n]",
              "code": "const homePage = new _HomePage.default();\nconst productPage = new _ProductPage.default();\ncy.visit(\"https://rahulshettyacademy.com/angularpractice/\");\n//cy.get(':nth-child(1) > .form-control').type(\"Shaina\")                    // type name using CSS\nhomePage.getEditBox().type(\"Arhaan\"); // Type name using nth child   .type(this.data.name)   // .type(\"Arhaan\")\nhomePage.getGender().select(\"Male\"); // select from drop down list   .type(this.data.gender) //.type(\"Male\")\n//cy.pause()                                                   // for debugging                    \nhomePage.getTwoWayDataBinding().should('have.value', 'Arhaan');\nhomePage.getEditBox().should('have.attr', 'minlength');\nhomePage.getEntrepreneaur().should('be.disabled');\nhomePage.getshopTab().click();\ncy.selectProduct('Nokia Edge'); //1 way to select the item\ncy.selectProduct('Blackberry');\n//  this.data.productName.forEach(function(element){            // for multiple options select rest code in example.json\n//   cy.selectProduct(element)\n//  });\nproductPage.checkOutButton().click();\ncy.contains('Checkout').click();\ncy.get('#country').type('India');\ncy.get('.suggestions > ul > li > a').click();",
              "err": {
                "message": "AssertionError: Timed out retrying after 4000ms: Expected to find element: `.suggestions > ul > li > a`, but never found it.",
                "estack": "AssertionError: Timed out retrying after 4000ms: Expected to find element: `.suggestions > ul > li > a`, but never found it.\n    at Context.eval (webpack:///./cypress/mytests/merci/FrameWorkTest.spec.js:46:8)",
                "diff": null
              },
              "uuid": "4cdd047d-3e96-4fd1-9945-f94ebcbf8fc9",
              "parentUUID": "11b75582-8a2e-4798-9592-3b43b6be3bc1",
              "isHook": false,
              "skipped": false
            }
          ],
          "suites": [],
          "passes": [],
          "failures": [
            "4cdd047d-3e96-4fd1-9945-f94ebcbf8fc9"
          ],
          "pending": [],
          "skipped": [],
          "duration": 7740,
          "root": false,
          "rootEmpty": false,
          "_timeout": 2000
        }
      ],
      "passes": [],
      "failures": [],
      "pending": [],
      "skipped": [],
      "duration": 0,
      "root": true,
      "rootEmpty": true,
      "_timeout": 2000
    }
  ],
  "meta": {
    "mocha": {
      "version": "7.0.1"
    },
    "mochawesome": {
      "options": {
        "quiet": false,
        "reportFilename": "mochawesome",
        "saveHtml": false,
        "saveJson": true,
        "consoleReporter": "spec",
        "useInlineDiffs": false,
        "code": true
      },
      "version": "7.1.3"
    },
    "marge": {
      "options": {
        "overwrite": false,
        "html": false,
        "json": true,
        "reportDir": "cypress\\reports\\html\\.jsons"
      },
      "version": "6.2.0"
    }
  }
}