{
  "stats": {
    "suites": 1,
    "tests": 1,
    "passes": 1,
    "pending": 0,
    "failures": 0,
    "start": "2023-06-16T08:28:57.794Z",
    "end": "2023-06-16T08:29:07.434Z",
    "duration": 9640,
    "testsRegistered": 1,
    "passPercent": 100,
    "pendingPercent": 0,
    "other": 0,
    "hasOther": false,
    "skipped": 0,
    "hasSkipped": false
  },
  "results": [
    {
      "uuid": "d838e8d6-3781-41d7-bf86-859e04024951",
      "title": "",
      "fullFile": "cypress\\mytests\\merci\\MouseHover.spec.js",
      "file": "cypress\\mytests\\merci\\MouseHover.spec.js",
      "beforeHooks": [],
      "afterHooks": [],
      "tests": [],
      "suites": [
        {
          "uuid": "047611a6-f5d7-456a-b30a-2ac2ccdf3c80",
          "title": "MouseHover Test",
          "fullFile": "",
          "file": "",
          "beforeHooks": [],
          "afterHooks": [],
          "tests": [
            {
              "title": "Test Suite",
              "fullTitle": "MouseHover Test Test Suite",
              "timedOut": null,
              "duration": 6460,
              "state": "passed",
              "speed": "medium",
              "pass": true,
              "fail": false,
              "pending": false,
              "context": "{\n  \"title\": \"cypress-mochawesome-reporter-videos\",\n  \"value\": \"cypress\\\\mytests\\\\merci\\\\MouseHover.spec.js\"\n}",
              "code": "cy.visit('https://rahulshettyacademy.com/AutomationPractice/');\n// cy.get('.mouse-hover-content').invoke('show')       // mousehover with jquery (invoke)\ncy.contains('Top').click({\n  force: true\n}); // forcefully click on hidden element {force:true}\ncy.url().should('include', 'top');",
              "err": {},
              "uuid": "3c7a0176-ea83-4335-9121-ee30796cb971",
              "parentUUID": "047611a6-f5d7-456a-b30a-2ac2ccdf3c80",
              "isHook": false,
              "skipped": false
            }
          ],
          "suites": [],
          "passes": [
            "3c7a0176-ea83-4335-9121-ee30796cb971"
          ],
          "failures": [],
          "pending": [],
          "skipped": [],
          "duration": 6460,
          "root": false,
          "rootEmpty": false,
          "_timeout": 2000
        }
      ],
      "passes": [],
      "failures": [],
      "pending": [],
      "skipped": [],
      "duration": 0,
      "root": true,
      "rootEmpty": true,
      "_timeout": 2000
    }
  ],
  "meta": {
    "mocha": {
      "version": "7.0.1"
    },
    "mochawesome": {
      "options": {
        "quiet": false,
        "reportFilename": "mochawesome",
        "saveHtml": false,
        "saveJson": true,
        "consoleReporter": "spec",
        "useInlineDiffs": false,
        "code": true
      },
      "version": "7.1.3"
    },
    "marge": {
      "options": {
        "overwrite": false,
        "html": false,
        "json": true,
        "reportDir": "cypress\\reports\\html\\.jsons"
      },
      "version": "6.2.0"
    }
  }
}