{
  "stats": {
    "suites": 1,
    "tests": 1,
    "passes": 1,
    "pending": 0,
    "failures": 0,
    "start": "2023-06-19T09:32:56.017Z",
    "end": "2023-06-19T09:33:13.138Z",
    "duration": 17121,
    "testsRegistered": 1,
    "passPercent": 100,
    "pendingPercent": 0,
    "other": 0,
    "hasOther": false,
    "skipped": 0,
    "hasSkipped": false
  },
  "results": [
    {
      "uuid": "6a8601a8-9d1e-4a17-ad17-43679773f107",
      "title": "",
      "fullFile": "cypress\\mytests\\merci\\Facebook.spec.js",
      "file": "cypress\\mytests\\merci\\Facebook.spec.js",
      "beforeHooks": [],
      "afterHooks": [],
      "tests": [],
      "suites": [
        {
          "uuid": "6f07ff91-891f-4a44-a773-6ba3bfe06734",
          "title": "Test Suite of facebook framework",
          "fullFile": "",
          "file": "",
          "beforeHooks": [],
          "afterHooks": [],
          "tests": [
            {
              "title": "Test case of facebook framework",
              "fullTitle": "Test Suite of facebook framework Test case of facebook framework",
              "timedOut": null,
              "duration": 14613,
              "state": "passed",
              "speed": "slow",
              "pass": true,
              "fail": false,
              "pending": false,
              "context": "{\n  \"title\": \"cypress-mochawesome-reporter-videos\",\n  \"value\": \"cypress\\\\mytests\\\\merci\\\\Facebook.spec.js\"\n}",
              "code": "cy.visit(\"https://www.facebook.com\"); // Launch website\ncy.get('a[title=\"English (UK)\"]').click(); // Change the language\ncy.contains('Create new account').click(); // Create new account\ncy.get('input[name=\"firstname\"]').type(\"Arhaan\");\ncy.get('input[name=\"lastname\"]').type(\"Bajaj\");\ncy.get('input[name=\"reg_email__\"]').type(\"arhaanbajaj@gmail.com\");\ncy.get('input[name=\"reg_email_confirmation__\"]').type(\"arhaanbajaj@gmail.com\");\ncy.get('#password_step_input').type('Arhaan@12345');\ncy.get('#day').select('11');\ncy.get('#month').select('Apr');\ncy.get('#year').select('2016');\ncy.get('input[name=\"sex\"][value=\"2\"]').check();\ncy.get('[type=\"submit\"][name=\"websubmit\"]').click();\ncy.get('[data-testid=\"royal_email\"]:visible').type(\"arhaanbajaj@gmail.com\"); // Login\ncy.get('#passContainer').type('Arhaan@12345');\ncy.get('button[name=\"login\"]').click();",
              "err": {},
              "uuid": "9d72cb60-7683-4948-8136-8616e28437b8",
              "parentUUID": "6f07ff91-891f-4a44-a773-6ba3bfe06734",
              "isHook": false,
              "skipped": false
            }
          ],
          "suites": [],
          "passes": [
            "9d72cb60-7683-4948-8136-8616e28437b8"
          ],
          "failures": [],
          "pending": [],
          "skipped": [],
          "duration": 14613,
          "root": false,
          "rootEmpty": false,
          "_timeout": 2000
        }
      ],
      "passes": [],
      "failures": [],
      "pending": [],
      "skipped": [],
      "duration": 0,
      "root": true,
      "rootEmpty": true,
      "_timeout": 2000
    }
  ],
  "meta": {
    "mocha": {
      "version": "7.0.1"
    },
    "mochawesome": {
      "options": {
        "quiet": false,
        "reportFilename": "mochawesome",
        "saveHtml": false,
        "saveJson": true,
        "consoleReporter": "spec",
        "useInlineDiffs": false,
        "code": true
      },
      "version": "7.1.3"
    },
    "marge": {
      "options": {
        "overwrite": false,
        "html": false,
        "json": true,
        "reportDir": "cypress\\reports\\html\\.jsons"
      },
      "version": "6.2.0"
    }
  }
}