{
  "stats": {
    "suites": 1,
    "tests": 1,
    "passes": 1,
    "pending": 0,
    "failures": 0,
    "start": "2023-06-19T14:10:43.078Z",
    "end": "2023-06-19T14:10:43.187Z",
    "duration": 109,
    "testsRegistered": 1,
    "passPercent": 100,
    "pendingPercent": 0,
    "other": 0,
    "hasOther": false,
    "skipped": 0,
    "hasSkipped": false
  },
  "results": [
    {
      "uuid": "5a6ad6f0-6d65-48d1-b655-6bc111a74bce",
      "title": "",
      "fullFile": "cypress\\mytests\\merci\\AssertionTest.spec.js",
      "file": "cypress\\mytests\\merci\\AssertionTest.spec.js",
      "beforeHooks": [],
      "afterHooks": [],
      "tests": [],
      "suites": [
        {
          "uuid": "73c9d19b-2985-43b9-9785-a23dc64a8c76",
          "title": "My First Test",
          "fullFile": "",
          "file": "",
          "beforeHooks": [],
          "afterHooks": [],
          "tests": [
            {
              "title": "Does not do much!",
              "fullTitle": "My First Test Does not do much!",
              "timedOut": null,
              "duration": 78,
              "state": "passed",
              "speed": "fast",
              "pass": true,
              "fail": false,
              "pending": false,
              "context": "{\n  \"title\": \"cypress-mochawesome-reporter-videos\",\n  \"value\": \"cypress\\\\mytests\\\\merci\\\\AssertionTest.spec.js\"\n}",
              "code": "expect(true).to.equal(true);",
              "err": {},
              "uuid": "3185686c-8cad-4f76-84f8-5e038142be16",
              "parentUUID": "73c9d19b-2985-43b9-9785-a23dc64a8c76",
              "isHook": false,
              "skipped": false
            }
          ],
          "suites": [],
          "passes": [
            "3185686c-8cad-4f76-84f8-5e038142be16"
          ],
          "failures": [],
          "pending": [],
          "skipped": [],
          "duration": 78,
          "root": false,
          "rootEmpty": false,
          "_timeout": 2000
        }
      ],
      "passes": [],
      "failures": [],
      "pending": [],
      "skipped": [],
      "duration": 0,
      "root": true,
      "rootEmpty": true,
      "_timeout": 2000
    }
  ],
  "meta": {
    "mocha": {
      "version": "7.0.1"
    },
    "mochawesome": {
      "options": {
        "quiet": false,
        "reportFilename": "mochawesome",
        "saveHtml": false,
        "saveJson": true,
        "consoleReporter": "spec",
        "useInlineDiffs": false,
        "code": true
      },
      "version": "7.1.3"
    },
    "marge": {
      "options": {
        "overwrite": false,
        "html": false,
        "json": true,
        "reportDir": "cypress\\reports\\html\\.jsons"
      },
      "version": "6.2.0"
    }
  }
}