{
  "stats": {
    "suites": 1,
    "tests": 1,
    "passes": 1,
    "pending": 0,
    "failures": 0,
    "start": "2023-07-13T11:55:19.715Z",
    "end": "2023-07-13T11:55:25.111Z",
    "duration": 5396,
    "testsRegistered": 1,
    "passPercent": 100,
    "pendingPercent": 0,
    "other": 0,
    "hasOther": false,
    "skipped": 0,
    "hasSkipped": false
  },
  "results": [
    {
      "uuid": "5af98e0e-880f-4515-ad47-6c0ad8607b5a",
      "title": "",
      "fullFile": "cypress\\mytests\\merci\\CheckoutTest.spec.js",
      "file": "cypress\\mytests\\merci\\CheckoutTest.spec.js",
      "beforeHooks": [],
      "afterHooks": [],
      "tests": [],
      "suites": [
        {
          "uuid": "820a1a62-70ef-450d-a4f9-9fd36d7efde3",
          "title": "Checkout Test",
          "fullFile": "",
          "file": "",
          "beforeHooks": [],
          "afterHooks": [],
          "tests": [
            {
              "title": "My test suite",
              "fullTitle": "Checkout Test My test suite",
              "timedOut": null,
              "duration": 3173,
              "state": "passed",
              "speed": "fast",
              "pass": true,
              "fail": false,
              "pending": false,
              "context": "{\n  \"title\": \"cypress-mochawesome-reporter-videos\",\n  \"value\": \"cypress\\\\mytests\\\\merci\\\\CheckoutTest.spec.js\"\n}",
              "code": "cy.visit(\"https://rahulshettyacademy.com/seleniumPractise/#/\");\ncy.get('.search-keyword').type('ca');\ncy.get('.products').as('productLocator');\ncy.get('@productLocator').find('.product').each(($e1, index, $list) => {\n  const textVeg = $e1.find('h4.product-name').text();\n  if (textVeg.includes('Cashews')) {\n    $e1.find('button').click();\n  }\n});\ncy.get('.cart-icon > img').click();\ncy.contains('PROCEED TO CHECKOUT').click();\ncy.contains('Place Order').click();",
              "err": {},
              "uuid": "3d14cfa8-6c0e-4472-8413-a966a665baf1",
              "parentUUID": "820a1a62-70ef-450d-a4f9-9fd36d7efde3",
              "isHook": false,
              "skipped": false
            }
          ],
          "suites": [],
          "passes": [
            "3d14cfa8-6c0e-4472-8413-a966a665baf1"
          ],
          "failures": [],
          "pending": [],
          "skipped": [],
          "duration": 3173,
          "root": false,
          "rootEmpty": false,
          "_timeout": 2000
        }
      ],
      "passes": [],
      "failures": [],
      "pending": [],
      "skipped": [],
      "duration": 0,
      "root": true,
      "rootEmpty": true,
      "_timeout": 2000
    }
  ],
  "meta": {
    "mocha": {
      "version": "7.0.1"
    },
    "mochawesome": {
      "options": {
        "quiet": false,
        "reportFilename": "mochawesome",
        "saveHtml": true,
        "saveJson": true,
        "consoleReporter": "spec",
        "useInlineDiffs": false,
        "code": true
      },
      "version": "7.1.3"
    },
    "marge": {
      "options": {
        "reportDir": "mochawesome.html",
        "overwrite": "true",
        "html": "true",
        "json": "true",
        "timestamp": "mmddyyyy_HHMMss"
      },
      "version": "6.2.0"
    }
  }
}