{
  "stats": {
    "suites": 1,
    "tests": 1,
    "passes": 1,
    "pending": 0,
    "failures": 0,
    "start": "2023-07-13T11:54:55.080Z",
    "end": "2023-07-13T11:55:08.039Z",
    "duration": 12959,
    "testsRegistered": 1,
    "passPercent": 100,
    "pendingPercent": 0,
    "other": 0,
    "hasOther": false,
    "skipped": 0,
    "hasSkipped": false
  },
  "results": [
    {
      "uuid": "eb53c077-ed12-49ff-8e46-385271c1f4f2",
      "title": "",
      "fullFile": "cypress\\mytests\\merci\\CheckboxTest.spec.js",
      "file": "cypress\\mytests\\merci\\CheckboxTest.spec.js",
      "beforeHooks": [],
      "afterHooks": [],
      "tests": [],
      "suites": [
        {
          "uuid": "9451e64f-301e-4465-8b2c-f8608d5110ae",
          "title": "Checkbox Test",
          "fullFile": "",
          "file": "",
          "beforeHooks": [],
          "afterHooks": [],
          "tests": [
            {
              "title": "Test Suite",
              "fullTitle": "Checkbox Test Test Suite",
              "timedOut": null,
              "duration": 10806,
              "state": "passed",
              "speed": "slow",
              "pass": true,
              "fail": false,
              "pending": false,
              "context": "{\n  \"title\": \"cypress-mochawesome-reporter-videos\",\n  \"value\": \"cypress\\\\mytests\\\\merci\\\\CheckboxTest.spec.js\"\n}",
              "code": "// Checkboxes\ncy.visit('https://rahulshettyacademy.com/AutomationPractice/');\ncy.get('#checkBoxOption1').check().should('be.checked').and('have.value', 'option1'); // checkbox checked and also verify the option\ncy.get('#checkBoxOption1').uncheck().should('not.be.checked'); //unchecked that selected checkbox\ncy.get('input[type=\"checkbox\"]').check(['option2', 'option3']); // multiple checkbox selection \n// Static Dropdown\ncy.get('select').select('option2').should('have.value', 'option2');\n// Dynamic Dropdown\ncy.get('#autocomplete').type('ind');\ncy.get('.ui-menu-item div').each(($e1, index, $list) => {\n  if ($e1.text() === \"India\") {\n    $e1.click();\n  }\n});\n//autocomplete\ncy.get('#autocomplete').should('have.value', 'India');\n// Visible and Hide elements\ncy.get('#displayed-text').should('be.visible');\ncy.get('#hide-textbox').click(); // click on hide\ncy.get('#displayed-text').should('not.be.visible'); // not be visible because we want to hide it\ncy.get('#show-textbox').click(); // click on show\ncy.get('#displayed-text').should('be.visible'); // be visible because we want to show it\n// Radio Buttons\ncy.get('[value=\"radio2\"]').check().should('be.checked');",
              "err": {},
              "uuid": "06553279-90d2-4ed1-84c4-18051a6d4f97",
              "parentUUID": "9451e64f-301e-4465-8b2c-f8608d5110ae",
              "isHook": false,
              "skipped": false
            }
          ],
          "suites": [],
          "passes": [
            "06553279-90d2-4ed1-84c4-18051a6d4f97"
          ],
          "failures": [],
          "pending": [],
          "skipped": [],
          "duration": 10806,
          "root": false,
          "rootEmpty": false,
          "_timeout": 2000
        }
      ],
      "passes": [],
      "failures": [],
      "pending": [],
      "skipped": [],
      "duration": 0,
      "root": true,
      "rootEmpty": true,
      "_timeout": 2000
    }
  ],
  "meta": {
    "mocha": {
      "version": "7.0.1"
    },
    "mochawesome": {
      "options": {
        "quiet": false,
        "reportFilename": "mochawesome",
        "saveHtml": true,
        "saveJson": true,
        "consoleReporter": "spec",
        "useInlineDiffs": false,
        "code": true
      },
      "version": "7.1.3"
    },
    "marge": {
      "options": {
        "reportDir": "mochawesome.html",
        "overwrite": "true",
        "html": "true",
        "json": "true",
        "timestamp": "mmddyyyy_HHMMss"
      },
      "version": "6.2.0"
    }
  }
}